[0mCompiling "target/cljsbuild/public/js/app.js" from ["src/cljs" "src/cljc" "env/dev/cljs"]...[0m
[32mSuccessfully compiled "target/cljsbuild/public/js/app.js" in 0.829 seconds.[0m
notifying browser that file changed:  target/cljsbuild/public/js/out/goog/deps.js
notifying browser that file changed:  target/cljsbuild/public/js/out/cljs_deps.js
notifying browser that file changed:  target/cljsbuild/public/js/out/weather_7/core.js
[0mCompiling "target/cljsbuild/public/js/app.js" from ["src/cljs" "src/cljc" "env/dev/cljs"]...[0m
[32mSuccessfully compiled "target/cljsbuild/public/js/app.js" in 0.641 seconds.[0m
notifying browser that file changed:  target/cljsbuild/public/js/out/goog/deps.js
notifying browser that file changed:  target/cljsbuild/public/js/out/cljs_deps.js
notifying browser that file changed:  target/cljsbuild/public/js/out/weather_7/core.js
[0mCompiling "target/cljsbuild/public/js/app.js" from ["src/cljs" "src/cljc" "env/dev/cljs"]...[0m
[32mSuccessfully compiled "target/cljsbuild/public/js/app.js" in 0.497 seconds.[0m
notifying browser that file changed:  target/cljsbuild/public/js/out/weather_7/core.js
[0mCompiling "target/cljsbuild/public/js/app.js" from ["src/cljs" "src/cljc" "env/dev/cljs"]...[0m
[32mSuccessfully compiled "target/cljsbuild/public/js/app.js" in 0.604 seconds.[0m
notifying browser that file changed:  target/cljsbuild/public/js/out/cljs_deps.js
notifying browser that file changed:  target/cljsbuild/public/js/out/weather_7/pages/home.js
[0mCompiling "target/cljsbuild/public/js/app.js" from ["src/cljs" "src/cljc" "env/dev/cljs"]...[0m
[36m----  Compiler Warning on   src/cljs/weather_7/core.cljs   line:92  column:1  ----[0m

  [1mhome-page already refers to: weather-7.pages.home/home-page being replaced by: weather-7.core/home-page[0m

  [36m89[0m  [36m; TODO create tests for this stuff[0m
  [36m90[0m  [36m; TODO move homepage out to seperate module[0m
  [36m91[0m  [36m[0m
  [33m92[0m  [1m(defn home-page [][0m
  [0m  [0m  [33m^--- home-page already refers to: weather-7.pages.home/home-page being replaced by: weather-7.core/home-page[0m
  [36m93[0m  [36m  [:div.container-fluid[0m
  [36m94[0m  [36m   (when-let [latest @(rf/subscribe [:latest])][0m
  [36m95[0m  [36m     ; [:div.container-fluid[0m
  [36m96[0m  [36m      [:div {:class "row row-content"}[0m
  [36m97[0m  [36m        [:div.col-xs-12[0m

[36m----  Compiler Warning : Please see src/cljs/weather_7/core.cljs  ----[0m
[32mSuccessfully compiled "target/cljsbuild/public/js/app.js" in 0.66 seconds.[0m
notifying browser that file changed:  target/cljsbuild/public/js/out/cljs_deps.js
notifying browser that file changed:  target/cljsbuild/public/js/out/weather_7/core.js
[0mCompiling "target/cljsbuild/public/js/app.js" from ["src/cljs" "src/cljc" "env/dev/cljs"]...[0m
[32mSuccessfully compiled "target/cljsbuild/public/js/app.js" in 0.54 seconds.[0m
notifying browser that file changed:  target/cljsbuild/public/js/out/weather_7/core.js
[0mCompiling "target/cljsbuild/public/js/app.js" from ["src/cljs" "src/cljc" "env/dev/cljs"]...[0m
[32mSuccessfully compiled "target/cljsbuild/public/js/app.js" in 0.541 seconds.[0m
notifying browser that file changed:  target/cljsbuild/public/js/out/weather_7/core.js
[0mCompiling "target/cljsbuild/public/js/app.js" from ["src/cljs" "src/cljc" "env/dev/cljs"]...[0m
[32mSuccessfully compiled "target/cljsbuild/public/js/app.js" in 0.628 seconds.[0m
notifying browser that file changed:  target/cljsbuild/public/js/out/cljs_deps.js
notifying browser that file changed:  target/cljsbuild/public/js/out/weather_7/core.js
[0mCompiling "target/cljsbuild/public/js/app.js" from ["src/cljs" "src/cljc" "env/dev/cljs"]...[0m
[32mSuccessfully compiled "target/cljsbuild/public/js/app.js" in 0.786 seconds.[0m
notifying browser that file changed:  target/cljsbuild/public/js/out/goog/deps.js
notifying browser that file changed:  target/cljsbuild/public/js/out/cljs_deps.js
notifying browser that file changed:  target/cljsbuild/public/js/out/weather_7/pages/home.js
[0mCompiling "target/cljsbuild/public/js/app.js" from ["src/cljs" "src/cljc" "env/dev/cljs"]...[0m
[32mSuccessfully compiled "target/cljsbuild/public/js/app.js" in 0.633 seconds.[0m
notifying browser that file changed:  target/cljsbuild/public/js/out/weather_7/pages/home.js
[0mCompiling "target/cljsbuild/public/js/app.js" from ["src/cljs" "src/cljc" "env/dev/cljs"]...[0m
[31mFailed to compile "target/cljsbuild/public/js/app.js" in 1.008 seconds.[0m
[36m----  Could not Analyze  src/cljs/weather_7/core.cljs  ----[0m

  [1mInvalid :refer, var weather-7.pages.summary/summary-page does not exist [0m

[36m----  Analysis Error : Please see src/cljs/weather_7/core.cljs  ----[0m
[0mCompiling "target/cljsbuild/public/js/app.js" from ["src/cljs" "src/cljc" "env/dev/cljs"]...[0m
[31mFailed to compile "target/cljsbuild/public/js/app.js" in 0.469 seconds.[0m
[36m----  Could not Analyze  src/cljs/weather_7/core.cljs  ----[0m

  [1mInvalid :refer, var weather-7.pages.summary/summary-page does not exist [0m

[36m----  Analysis Error : Please see src/cljs/weather_7/core.cljs  ----[0m
[0mCompiling "target/cljsbuild/public/js/app.js" from ["src/cljs" "src/cljc" "env/dev/cljs"]...[0m
[32mSuccessfully compiled "target/cljsbuild/public/js/app.js" in 1.594 seconds.[0m
notifying browser that file changed:  target/cljsbuild/public/js/out/cljs_deps.js
notifying browser that file changed:  target/cljsbuild/public/js/out/weather_7/pages/summary.js
[0mCompiling "target/cljsbuild/public/js/app.js" from ["src/cljs" "src/cljc" "env/dev/cljs"]...[0m
[32mSuccessfully compiled "target/cljsbuild/public/js/app.js" in 0.625 seconds.[0m
notifying browser that file changed:  target/cljsbuild/public/js/out/weather_7/pages/summary.js
[0mCompiling "target/cljsbuild/public/js/app.js" from ["src/cljs" "src/cljc" "env/dev/cljs"]...[0m
[32mSuccessfully compiled "target/cljsbuild/public/js/app.js" in 2.268 seconds.[0m
notifying browser that file changed:  target/cljsbuild/public/js/out/goog/deps.js
notifying browser that file changed:  target/cljsbuild/public/js/out/cljs_deps.js
notifying browser that file changed:  target/cljsbuild/public/js/out/weather_7/core.js
[0mCompiling "target/cljsbuild/public/js/app.js" from ["src/cljs" "src/cljc" "env/dev/cljs"]...[0m
[32mSuccessfully compiled "target/cljsbuild/public/js/app.js" in 0.71 seconds.[0m
notifying browser that file changed:  target/cljsbuild/public/js/out/weather_7/pages/summary.js
[0mCompiling "target/cljsbuild/public/js/app.js" from ["src/cljs" "src/cljc" "env/dev/cljs"]...[0m
[32mSuccessfully compiled "target/cljsbuild/public/js/app.js" in 0.627 seconds.[0m
notifying browser that file changed:  target/cljsbuild/public/js/out/weather_7/core.js
[0mCompiling "target/cljsbuild/public/js/app.js" from ["src/cljs" "src/cljc" "env/dev/cljs"]...[0m
[32mSuccessfully compiled "target/cljsbuild/public/js/app.js" in 0.707 seconds.[0m
notifying browser that file changed:  target/cljsbuild/public/js/out/weather_7/core.js
[0mCompiling "target/cljsbuild/public/js/app.js" from ["src/cljs" "src/cljc" "env/dev/cljs"]...[0m
[32mSuccessfully compiled "target/cljsbuild/public/js/app.js" in 0.649 seconds.[0m
notifying browser that file changed:  target/cljsbuild/public/js/out/weather_7/handlers.js
[0mCompiling "target/cljsbuild/public/js/app.js" from ["src/cljs" "src/cljc" "env/dev/cljs"]...[0m
[32mSuccessfully compiled "target/cljsbuild/public/js/app.js" in 0.556 seconds.[0m
notifying browser that file changed:  target/cljsbuild/public/js/out/weather_7/subscriptions.js
[0mCompiling "target/cljsbuild/public/js/app.js" from ["src/cljs" "src/cljc" "env/dev/cljs"]...[0m
[32mSuccessfully compiled "target/cljsbuild/public/js/app.js" in 0.57 seconds.[0m
notifying browser that file changed:  target/cljsbuild/public/js/out/weather_7/core.js
[0mCompiling "target/cljsbuild/public/js/app.js" from ["src/cljs" "src/cljc" "env/dev/cljs"]...[0m
[32mSuccessfully compiled "target/cljsbuild/public/js/app.js" in 0.651 seconds.[0m
notifying browser that file changed:  target/cljsbuild/public/js/out/weather_7/pages/summary.js
[0mCompiling "target/cljsbuild/public/js/app.js" from ["src/cljs" "src/cljc" "env/dev/cljs"]...[0m
[32mSuccessfully compiled "target/cljsbuild/public/js/app.js" in 0.586 seconds.[0m
notifying browser that file changed:  target/cljsbuild/public/js/out/weather_7/pages/summary.js
[0mCompiling "target/cljsbuild/public/js/app.js" from ["src/cljs" "src/cljc" "env/dev/cljs"]...[0m
[32mSuccessfully compiled "target/cljsbuild/public/js/app.js" in 0.585 seconds.[0m
notifying browser that file changed:  target/cljsbuild/public/js/out/cljs_deps.js
notifying browser that file changed:  target/cljsbuild/public/js/out/weather_7/pages/summary.js
[0mCompiling "target/cljsbuild/public/js/app.js" from ["src/cljs" "src/cljc" "env/dev/cljs"]...[0m
[32mSuccessfully compiled "target/cljsbuild/public/js/app.js" in 2.878 seconds.[0m
notifying browser that file changed:  target/cljsbuild/public/js/out/goog/deps.js
notifying browser that file changed:  target/cljsbuild/public/js/out/cljs_deps.js
notifying browser that file changed:  target/cljsbuild/public/js/out/weather_7/pages/summary.js
[0mCompiling "target/cljsbuild/public/js/app.js" from ["src/cljs" "src/cljc" "env/dev/cljs"]...[0m
[32mSuccessfully compiled "target/cljsbuild/public/js/app.js" in 0.746 seconds.[0m
notifying browser that file changed:  target/cljsbuild/public/js/out/weather_7/pages/summary.js
[0mCompiling "target/cljsbuild/public/js/app.js" from ["src/cljs" "src/cljc" "env/dev/cljs"]...[0m
[32mSuccessfully compiled "target/cljsbuild/public/js/app.js" in 0.748 seconds.[0m
notifying browser that file changed:  target/cljsbuild/public/js/out/weather_7/core.js
[0mCompiling "target/cljsbuild/public/js/app.js" from ["src/cljs" "src/cljc" "env/dev/cljs"]...[0m
[32mSuccessfully compiled "target/cljsbuild/public/js/app.js" in 0.61 seconds.[0m
notifying browser that file changed:  target/cljsbuild/public/js/out/weather_7/pages/summary.js
[0mCompiling "target/cljsbuild/public/js/app.js" from ["src/cljs" "src/cljc" "env/dev/cljs"]...[0m
[32mSuccessfully compiled "target/cljsbuild/public/js/app.js" in 0.612 seconds.[0m
notifying browser that file changed:  target/cljsbuild/public/js/out/weather_7/pages/summary.js
[0mCompiling "target/cljsbuild/public/js/app.js" from ["src/cljs" "src/cljc" "env/dev/cljs"]...[0m
[32mSuccessfully compiled "target/cljsbuild/public/js/app.js" in 0.6 seconds.[0m
notifying browser that file changed:  target/cljsbuild/public/js/out/weather_7/pages/summary.js
[0mCompiling "target/cljsbuild/public/js/app.js" from ["src/cljs" "src/cljc" "env/dev/cljs"]...[0m
[32mSuccessfully compiled "target/cljsbuild/public/js/app.js" in 0.602 seconds.[0m
notifying browser that file changed:  target/cljsbuild/public/js/out/weather_7/pages/summary.js
[0mCompiling "target/cljsbuild/public/js/app.js" from ["src/cljs" "src/cljc" "env/dev/cljs"]...[0m
[32mSuccessfully compiled "target/cljsbuild/public/js/app.js" in 0.553 seconds.[0m
notifying browser that file changed:  target/cljsbuild/public/js/out/weather_7/pages/summary.js
[0mCompiling "target/cljsbuild/public/js/app.js" from ["src/cljs" "src/cljc" "env/dev/cljs"]...[0m
[32mSuccessfully compiled "target/cljsbuild/public/js/app.js" in 0.538 seconds.[0m
notifying browser that file changed:  target/cljsbuild/public/js/out/weather_7/core.js
[0mCompiling "target/cljsbuild/public/js/app.js" from ["src/cljs" "src/cljc" "env/dev/cljs"]...[0m
[32mSuccessfully compiled "target/cljsbuild/public/js/app.js" in 0.585 seconds.[0m
notifying browser that file changed:  target/cljsbuild/public/js/out/goog/deps.js
notifying browser that file changed:  target/cljsbuild/public/js/out/cljs_deps.js
notifying browser that file changed:  target/cljsbuild/public/js/out/weather_7/core.js
[0mCompiling "target/cljsbuild/public/js/app.js" from ["src/cljs" "src/cljc" "env/dev/cljs"]...[0m
[32mSuccessfully compiled "target/cljsbuild/public/js/app.js" in 0.52 seconds.[0m
notifying browser that file changed:  target/cljsbuild/public/js/out/weather_7/core.js
[0mCompiling "target/cljsbuild/public/js/app.js" from ["src/cljs" "src/cljc" "env/dev/cljs"]...[0m
[32mSuccessfully compiled "target/cljsbuild/public/js/app.js" in 0.469 seconds.[0m
notifying browser that file changed:  target/cljsbuild/public/js/out/weather_7/core.js
[0mCompiling "target/cljsbuild/public/js/app.js" from ["src/cljs" "src/cljc" "env/dev/cljs"]...[0m
[32mSuccessfully compiled "target/cljsbuild/public/js/app.js" in 0.548 seconds.[0m
notifying browser that file changed:  target/cljsbuild/public/js/out/weather_7/core.js
[0mCompiling "target/cljsbuild/public/js/app.js" from ["src/cljs" "src/cljc" "env/dev/cljs"]...[0m
[32mSuccessfully compiled "target/cljsbuild/public/js/app.js" in 0.476 seconds.[0m
notifying browser that file changed:  target/cljsbuild/public/js/out/weather_7/pages/summary.js
[0mCompiling "target/cljsbuild/public/js/app.js" from ["src/cljs" "src/cljc" "env/dev/cljs"]...[0m
[36m----  Compiler Warning on   src/cljs/weather_7/pages/summary.cljs   line:75  column:63  ----[0m

  [1mUse of undeclared Var weather-7.pages.summary/test-data[0m

  [36m71[0m  [36m  [:div {:style {:min-width "310px" :max-width "800px"[0m
  [36m72[0m  [36m                 :height "400px" :margin "0 auto"}}])[0m
  [36m73[0m  [36m[0m
  [36m74[0m  [36m(defn home-did-mount [this][0m
  [33m75[0m  [1m  (js/Highcharts.Chart. (r/dom-node this) (clj->js (load-data test-data))))[0m
  [0m  [0m  [33m                                                              ^--- Use of undeclared Var weather-7.pages.summary/test-data[0m
  [36m76[0m  [36m[0m
  [36m77[0m  [36m[0m
  [36m78[0m  [36m(defn summary-page [][0m
  [36m79[0m  [36m  (r/create-class {:reagent-render home-render[0m
  [36m80[0m  [36m                   :component-did-mount home-did-mount}))[0m

[36m----  Compiler Warning : Please see src/cljs/weather_7/pages/summary.cljs  ----[0m
[32mSuccessfully compiled "target/cljsbuild/public/js/app.js" in 0.481 seconds.[0m
notifying browser that file changed:  target/cljsbuild/public/js/out/weather_7/pages/summary.js
[0mCompiling "target/cljsbuild/public/js/app.js" from ["src/cljs" "src/cljc" "env/dev/cljs"]...[0m
[36m----  Compiler Warning on   src/cljs/weather_7/pages/summary.cljs   line:77  column:63  ----[0m

  [1mUse of undeclared Var weather-7.pages.summary/test-data[0m

  [36m73[0m  [36m  [:div {:style {:min-width "310px" :max-width "800px"[0m
  [36m74[0m  [36m                 :height "400px" :margin "0 auto"}}])[0m
  [36m75[0m  [36m[0m
  [36m76[0m  [36m(defn home-did-mount [this][0m
  [33m77[0m  [1m  (js/Highcharts.Chart. (r/dom-node this) (clj->js (load-data test-data))))[0m
  [0m  [0m  [33m                                                              ^--- Use of undeclared Var weather-7.pages.summary/test-data[0m
  [36m78[0m  [36m[0m
  [36m79[0m  [36m[0m
  [36m80[0m  [36m(defn summary-page [][0m
  [36m81[0m  [36m  (r/create-class {:reagent-render home-render[0m
  [36m82[0m  [36m                   :component-did-mount home-did-mount}))[0m

[36m----  Compiler Warning : Please see src/cljs/weather_7/pages/summary.cljs  ----[0m
[32mSuccessfully compiled "target/cljsbuild/public/js/app.js" in 0.452 seconds.[0m
notifying browser that file changed:  target/cljsbuild/public/js/out/weather_7/pages/summary.js
[0mCompiling "target/cljsbuild/public/js/app.js" from ["src/cljs" "src/cljc" "env/dev/cljs"]...[0m
[32mSuccessfully compiled "target/cljsbuild/public/js/app.js" in 0.399 seconds.[0m
notifying browser that file changed:  target/cljsbuild/public/js/out/weather_7/core.js
[0mCompiling "target/cljsbuild/public/js/app.js" from ["src/cljs" "src/cljc" "env/dev/cljs"]...[0m
[32mSuccessfully compiled "target/cljsbuild/public/js/app.js" in 0.482 seconds.[0m
notifying browser that file changed:  target/cljsbuild/public/js/out/weather_7/core.js
[0mCompiling "target/cljsbuild/public/js/app.js" from ["src/cljs" "src/cljc" "env/dev/cljs"]...[0m
[32mSuccessfully compiled "target/cljsbuild/public/js/app.js" in 0.437 seconds.[0m
notifying browser that file changed:  target/cljsbuild/public/js/out/weather_7/pages/summary.js
[0mCompiling "target/cljsbuild/public/js/app.js" from ["src/cljs" "src/cljc" "env/dev/cljs"]...[0m
[32mSuccessfully compiled "target/cljsbuild/public/js/app.js" in 0.432 seconds.[0m
notifying browser that file changed:  target/cljsbuild/public/js/out/weather_7/pages/summary.js
[0mCompiling "target/cljsbuild/public/js/app.js" from ["src/cljs" "src/cljc" "env/dev/cljs"]...[0m
[36m----  Compiler Warning on   src/cljs/weather_7/pages/summary.cljs   line:42  column:35  ----[0m

  [1mWrong number of args (2) passed to weather-7.pages.summary/round[0m

  [36m38[0m  [36m   :credits {:enabled false}})[0m
  [36m39[0m  [36m[0m
  [36m40[0m  [36m(defn get-series [summary][0m
  [36m41[0m  [36m  {:series[0m
  [33m42[0m  [1m   [{:name "Maximum" :data (map #((round :max-temp %))[0m
  [0m  [0m  [33m                                  ^--- Wrong number of args (2) passed to weather-7.pages.summary/round[0m
  [36m43[0m  [36m                                (:summary summary))}[0m
  [36m44[0m  [36m    {:name "Average" :data (map #((round :avg-temp %))[0m
  [36m45[0m  [36m                                (:summary summary))}[0m
  [36m46[0m  [36m    {:name "Minimum" :data (map #((round :min-temp %))[0m
  [36m47[0m  [36m                                (:summary summary))}]})[0m

[36m----  Compiler Warning : Please see src/cljs/weather_7/pages/summary.cljs  ----[0m
[36m----  Compiler Warning on   src/cljs/weather_7/pages/summary.cljs   line:44  column:35  ----[0m

  [1mWrong number of args (2) passed to weather-7.pages.summary/round[0m

  [36m40[0m  [36m(defn get-series [summary][0m
  [36m41[0m  [36m  {:series[0m
  [36m42[0m  [36m   [{:name "Maximum" :data (map #((round :max-temp %))[0m
  [36m43[0m  [36m                                (:summary summary))}[0m
  [33m44[0m  [1m    {:name "Average" :data (map #((round :avg-temp %))[0m
  [0m  [0m  [33m                                  ^--- Wrong number of args (2) passed to weather-7.pages.summary/round[0m
  [36m45[0m  [36m                                (:summary summary))}[0m
  [36m46[0m  [36m    {:name "Minimum" :data (map #((round :min-temp %))[0m
  [36m47[0m  [36m                                (:summary summary))}]})[0m
  [36m48[0m  [36m[0m
  [36m49[0m  [36m; (tf/unparse date-format (t/to-default-time-zone (get % "date")))[0m

[36m----  Compiler Warning : Please see src/cljs/weather_7/pages/summary.cljs  ----[0m
[36m----  Compiler Warning on   src/cljs/weather_7/pages/summary.cljs   line:46  column:35  ----[0m

  [1mWrong number of args (2) passed to weather-7.pages.summary/round[0m

  [36m42[0m  [36m   [{:name "Maximum" :data (map #((round :max-temp %))[0m
  [36m43[0m  [36m                                (:summary summary))}[0m
  [36m44[0m  [36m    {:name "Average" :data (map #((round :avg-temp %))[0m
  [36m45[0m  [36m                                (:summary summary))}[0m
  [33m46[0m  [1m    {:name "Minimum" :data (map #((round :min-temp %))[0m
  [0m  [0m  [33m                                  ^--- Wrong number of args (2) passed to weather-7.pages.summary/round[0m
  [36m47[0m  [36m                                (:summary summary))}]})[0m
  [36m48[0m  [36m[0m
  [36m49[0m  [36m; (tf/unparse date-format (t/to-default-time-zone (get % "date")))[0m
  [36m50[0m  [36m[0m
  [36m51[0m  [36m; TODO sort out time axis[0m

[36m----  Compiler Warning : Please see src/cljs/weather_7/pages/summary.cljs  ----[0m
[32mSuccessfully compiled "target/cljsbuild/public/js/app.js" in 0.562 seconds.[0m
notifying browser that file changed:  target/cljsbuild/public/js/out/weather_7/pages/summary.js
[0mCompiling "target/cljsbuild/public/js/app.js" from ["src/cljs" "src/cljc" "env/dev/cljs"]...[0m
[32mSuccessfully compiled "target/cljsbuild/public/js/app.js" in 0.444 seconds.[0m
notifying browser that file changed:  target/cljsbuild/public/js/out/weather_7/pages/summary.js
[0mCompiling "target/cljsbuild/public/js/app.js" from ["src/cljs" "src/cljc" "env/dev/cljs"]...[0m
[32mSuccessfully compiled "target/cljsbuild/public/js/app.js" in 0.826 seconds.[0m
notifying browser that file changed:  target/cljsbuild/public/js/out/goog/deps.js
notifying browser that file changed:  target/cljsbuild/public/js/out/cljs_deps.js
notifying browser that file changed:  target/cljsbuild/public/js/out/weather_7/pages/summary.js
[0mCompiling "target/cljsbuild/public/js/app.js" from ["src/cljs" "src/cljc" "env/dev/cljs"]...[0m
[36m----  Compiler Warning on   src/cljs/weather_7/pages/summary.cljs   line:90  column:4  ----[0m

  [1mWrong number of args (3) passed to reagent.core/create-class[0m

  [36m86[0m  [36m  (js/Highcharts.Chart. (r/dom-node this) (clj->js (load-data (last @(rf/subscribe [:summary]))))))[0m
  [36m87[0m  [36m[0m
  [36m88[0m  [36m[0m
  [36m89[0m  [36m(defn summary-page [][0m
  [33m90[0m  [1m  [(r/create-class {:reagent-render home-render}[0m
  [0m  [0m  [33m   ^--- Wrong number of args (3) passed to reagent.core/create-class[0m
  [36m91[0m  [36m                   :component-did-mount home-did-mount)[0m
  [36m92[0m  [36m   (r/create-class {:reagent-render home2-render}[0m
  [36m93[0m  [36m                   :component-did-mount home2-did-mount)])[0m

[36m----  Compiler Warning : Please see src/cljs/weather_7/pages/summary.cljs  ----[0m
[36m----  Compiler Warning on   src/cljs/weather_7/pages/summary.cljs   line:92  column:4  ----[0m

  [1mWrong number of args (3) passed to reagent.core/create-class[0m

  [36m89[0m  [36m(defn summary-page [][0m
  [36m90[0m  [36m  [(r/create-class {:reagent-render home-render}[0m
  [36m91[0m  [36m                   :component-did-mount home-did-mount)[0m
  [33m92[0m  [1m   (r/create-class {:reagent-render home2-render}[0m
  [0m  [0m  [33m   ^--- Wrong number of args (3) passed to reagent.core/create-class[0m
  [36m93[0m  [36m                   :component-did-mount home2-did-mount)])[0m

[36m----  Compiler Warning : Please see src/cljs/weather_7/pages/summary.cljs  ----[0m
[32mSuccessfully compiled "target/cljsbuild/public/js/app.js" in 0.791 seconds.[0m
notifying browser that file changed:  target/cljsbuild/public/js/out/weather_7/pages/summary.js
[0mCompiling "target/cljsbuild/public/js/app.js" from ["src/cljs" "src/cljc" "env/dev/cljs"]...[0m
[32mSuccessfully compiled "target/cljsbuild/public/js/app.js" in 0.707 seconds.[0m
notifying browser that file changed:  target/cljsbuild/public/js/out/weather_7/pages/summary.js
[0mCompiling "target/cljsbuild/public/js/app.js" from ["src/cljs" "src/cljc" "env/dev/cljs"]...[0m
[31mFailed to compile "target/cljsbuild/public/js/app.js" in 0.489 seconds.[0m
[36m----  Could not Read  src/cljs/weather_7/pages/summary.cljs   line:93  column:57  ----[0m

  [1mDuplicate key: :reagent-render[0m

  [36m91[0m  [36m:component-did-mount home-did-mount[0m
  [36m92[0m  [36m:reagent-render home2-render[0m
  [33m93[0m  [1m:component-did-mount home2-did-mount}))[0m
  [0m  [0m  [33m                                     ^--- Duplicate key: :reagent-render[0m

[36m----  Reader Error : Please see src/cljs/weather_7/pages/summary.cljs  ----[0m
[0mCompiling "target/cljsbuild/public/js/app.js" from ["src/cljs" "src/cljc" "env/dev/cljs"]...[0m
[32mSuccessfully compiled "target/cljsbuild/public/js/app.js" in 0.713 seconds.[0m
notifying browser that file changed:  target/cljsbuild/public/js/out/weather_7/pages/summary.js
[0mCompiling "target/cljsbuild/public/js/app.js" from ["src/cljs" "src/cljc" "env/dev/cljs"]...[0m
[32mSuccessfully compiled "target/cljsbuild/public/js/app.js" in 0.72 seconds.[0m
notifying browser that file changed:  target/cljsbuild/public/js/out/weather_7/pages/summary.js
[0mCompiling "target/cljsbuild/public/js/app.js" from ["src/cljs" "src/cljc" "env/dev/cljs"]...[0m
[32mSuccessfully compiled "target/cljsbuild/public/js/app.js" in 0.552 seconds.[0m
notifying browser that file changed:  target/cljsbuild/public/js/out/weather_7/pages/summary.js
[0mCompiling "target/cljsbuild/public/js/app.js" from ["src/cljs" "src/cljc" "env/dev/cljs"]...[0m
[32mSuccessfully compiled "target/cljsbuild/public/js/app.js" in 0.509 seconds.[0m
notifying browser that file changed:  target/cljsbuild/public/js/out/weather_7/core.js
[0mCompiling "target/cljsbuild/public/js/app.js" from ["src/cljs" "src/cljc" "env/dev/cljs"]...[0m
[32mSuccessfully compiled "target/cljsbuild/public/js/app.js" in 0.886 seconds.[0m
notifying browser that file changed:  target/cljsbuild/public/js/out/weather_7/pages/summary.js
[0mCompiling "target/cljsbuild/public/js/app.js" from ["src/cljs" "src/cljc" "env/dev/cljs"]...[0m
[32mSuccessfully compiled "target/cljsbuild/public/js/app.js" in 0.549 seconds.[0m
notifying browser that file changed:  target/cljsbuild/public/js/out/weather_7/pages/summary.js
[0mCompiling "target/cljsbuild/public/js/app.js" from ["src/cljs" "src/cljc" "env/dev/cljs"]...[0m
[32mSuccessfully compiled "target/cljsbuild/public/js/app.js" in 0.578 seconds.[0m
notifying browser that file changed:  target/cljsbuild/public/js/out/weather_7/pages/summary.js
[0mCompiling "target/cljsbuild/public/js/app.js" from ["src/cljs" "src/cljc" "env/dev/cljs"]...[0m
[32mSuccessfully compiled "target/cljsbuild/public/js/app.js" in 0.495 seconds.[0m
notifying browser that file changed:  target/cljsbuild/public/js/out/weather_7/core.js
[0mCompiling "target/cljsbuild/public/js/app.js" from ["src/cljs" "src/cljc" "env/dev/cljs"]...[0m
[32mSuccessfully compiled "target/cljsbuild/public/js/app.js" in 0.583 seconds.[0m
notifying browser that file changed:  target/cljsbuild/public/js/out/weather_7/pages/summary.js
[0mCompiling "target/cljsbuild/public/js/app.js" from ["src/cljs" "src/cljc" "env/dev/cljs"]...[0m
[32mSuccessfully compiled "target/cljsbuild/public/js/app.js" in 0.603 seconds.[0m
notifying browser that file changed:  target/cljsbuild/public/js/out/weather_7/pages/summary.js
[0mCompiling "target/cljsbuild/public/js/app.js" from ["src/cljs" "src/cljc" "env/dev/cljs"]...[0m
[36m----  Compiler Warning on   src/cljs/weather_7/pages/summary.cljs   line:86  column:42  ----[0m

  [1mWrong number of args (1) passed to weather-7.pages.summary/home-did-mount1[0m

  [36m82[0m  [36m(defn chart1 [][0m
  [36m83[0m  [36m  (let [data (load-data (last @(rf/subscribe [:summary])))][0m
  [36m84[0m  [36m   (r/create-class {:reagent-render home-render[0m
  [36m85[0m  [36m                    :display-name "chart1"[0m
  [33m86[0m  [1m                    :component-did-mount (home-did-mount1 data)})))[0m
  [0m  [0m  [33m                                         ^--- Wrong number of args (1) passed to weather-7.pages.summary/home-did-mount1[0m
  [36m87[0m  [36m[0m
  [36m88[0m  [36m(defn chart2 [][0m
  [36m89[0m  [36m  (r/create-class {:reagent-render home-render[0m
  [36m90[0m  [36m                   :display-name "chart2"[0m
  [36m91[0m  [36m                   :component-did-mount home-did-mount2}))[0m

[36m----  Compiler Warning : Please see src/cljs/weather_7/pages/summary.cljs  ----[0m
[32mSuccessfully compiled "target/cljsbuild/public/js/app.js" in 0.635 seconds.[0m
notifying browser that file changed:  target/cljsbuild/public/js/out/weather_7/pages/summary.js
[0mCompiling "target/cljsbuild/public/js/app.js" from ["src/cljs" "src/cljc" "env/dev/cljs"]...[0m
[32mSuccessfully compiled "target/cljsbuild/public/js/app.js" in 0.545 seconds.[0m
notifying browser that file changed:  target/cljsbuild/public/js/out/weather_7/pages/summary.js
[0mCompiling "target/cljsbuild/public/js/app.js" from ["src/cljs" "src/cljc" "env/dev/cljs"]...[0m
[32mSuccessfully compiled "target/cljsbuild/public/js/app.js" in 0.58 seconds.[0m
notifying browser that file changed:  target/cljsbuild/public/js/out/weather_7/pages/summary.js
[0mCompiling "target/cljsbuild/public/js/app.js" from ["src/cljs" "src/cljc" "env/dev/cljs"]...[0m
[32mSuccessfully compiled "target/cljsbuild/public/js/app.js" in 0.509 seconds.[0m
notifying browser that file changed:  target/cljsbuild/public/js/out/weather_7/pages/summary.js
[0mCompiling "target/cljsbuild/public/js/app.js" from ["src/cljs" "src/cljc" "env/dev/cljs"]...[0m
[32mSuccessfully compiled "target/cljsbuild/public/js/app.js" in 0.54 seconds.[0m
notifying browser that file changed:  target/cljsbuild/public/js/out/weather_7/pages/summary.js
[0mCompiling "target/cljsbuild/public/js/app.js" from ["src/cljs" "src/cljc" "env/dev/cljs"]...[0m
[32mSuccessfully compiled "target/cljsbuild/public/js/app.js" in 0.619 seconds.[0m
notifying browser that file changed:  target/cljsbuild/public/js/out/weather_7/pages/summary.js
[0mCompiling "target/cljsbuild/public/js/app.js" from ["src/cljs" "src/cljc" "env/dev/cljs"]...[0m
[36m----  Compiler Warning on   src/cljs/weather_7/pages/summary.cljs   line:86  column:43  ----[0m

  [1mUse of undeclared Var weather-7.pages.summary/home-did-mount[0m

  [36m82[0m  [36m(defn chart [location][0m
  [36m83[0m  [36m  (let [data (load-data (last @(rf/subscribe [:summary])))][0m
  [36m84[0m  [36m   (r/create-class {:reagent-render home-render[0m
  [36m85[0m  [36m                    :display-name "chart1"[0m
  [33m86[0m  [1m                    :component-did-mount (home-did-mount data)})))[0m
  [0m  [0m  [33m                                          ^--- Use of undeclared Var weather-7.pages.summary/home-did-mount[0m
  [36m87[0m  [36m[0m
  [36m88[0m  [36m(defn chart2 [][0m
  [36m89[0m  [36m  (r/create-class {:reagent-render home-render[0m
  [36m90[0m  [36m                   :display-name "chart2"[0m
  [36m91[0m  [36m                   :component-did-mount home-did-mount2}))[0m

[36m----  Compiler Warning : Please see src/cljs/weather_7/pages/summary.cljs  ----[0m
[32mSuccessfully compiled "target/cljsbuild/public/js/app.js" in 0.557 seconds.[0m
notifying browser that file changed:  target/cljsbuild/public/js/out/weather_7/pages/summary.js
[0mCompiling "target/cljsbuild/public/js/app.js" from ["src/cljs" "src/cljc" "env/dev/cljs"]...[0m
[36m----  Compiler Warning on   src/cljs/weather_7/pages/summary.cljs   line:86  column:42  ----[0m

  [1mWrong number of args (1) passed to weather-7.pages.summary/home-did-mount1[0m

  [36m82[0m  [36m(defn chart [location][0m
  [36m83[0m  [36m  (let [data (load-data (last @(rf/subscribe [:summary])))][0m
  [36m84[0m  [36m   (r/create-class {:reagent-render home-render[0m
  [36m85[0m  [36m                    :display-name "chart1"[0m
  [33m86[0m  [1m                    :component-did-mount (home-did-mount1 data)})))[0m
  [0m  [0m  [33m                                         ^--- Wrong number of args (1) passed to weather-7.pages.summary/home-did-mount1[0m
  [36m87[0m  [36m[0m
  [36m88[0m  [36m(defn chart2 [][0m
  [36m89[0m  [36m  (r/create-class {:reagent-render home-render[0m
  [36m90[0m  [36m                   :display-name "chart2"[0m
  [36m91[0m  [36m                   :component-did-mount home-did-mount2}))[0m

[36m----  Compiler Warning : Please see src/cljs/weather_7/pages/summary.cljs  ----[0m
[32mSuccessfully compiled "target/cljsbuild/public/js/app.js" in 0.527 seconds.[0m
notifying browser that file changed:  target/cljsbuild/public/js/out/weather_7/pages/summary.js
[0mCompiling "target/cljsbuild/public/js/app.js" from ["src/cljs" "src/cljc" "env/dev/cljs"]...[0m
[32mSuccessfully compiled "target/cljsbuild/public/js/app.js" in 0.543 seconds.[0m
notifying browser that file changed:  target/cljsbuild/public/js/out/weather_7/pages/summary.js
[0mCompiling "target/cljsbuild/public/js/app.js" from ["src/cljs" "src/cljc" "env/dev/cljs"]...[0m
[32mSuccessfully compiled "target/cljsbuild/public/js/app.js" in 0.532 seconds.[0m
notifying browser that file changed:  target/cljsbuild/public/js/out/weather_7/pages/summary.js
[0mCompiling "target/cljsbuild/public/js/app.js" from ["src/cljs" "src/cljc" "env/dev/cljs"]...[0m
[32mSuccessfully compiled "target/cljsbuild/public/js/app.js" in 0.515 seconds.[0m
notifying browser that file changed:  target/cljsbuild/public/js/out/weather_7/pages/summary.js
[0mCompiling "target/cljsbuild/public/js/app.js" from ["src/cljs" "src/cljc" "env/dev/cljs"]...[0m
[32mSuccessfully compiled "target/cljsbuild/public/js/app.js" in 0.611 seconds.[0m
notifying browser that file changed:  target/cljsbuild/public/js/out/weather_7/pages/summary.js
[0mCompiling "target/cljsbuild/public/js/app.js" from ["src/cljs" "src/cljc" "env/dev/cljs"]...[0m
[32mSuccessfully compiled "target/cljsbuild/public/js/app.js" in 0.479 seconds.[0m
notifying browser that file changed:  target/cljsbuild/public/js/out/weather_7/pages/summary.js
[0mCompiling "target/cljsbuild/public/js/app.js" from ["src/cljs" "src/cljc" "env/dev/cljs"]...[0m
[32mSuccessfully compiled "target/cljsbuild/public/js/app.js" in 0.572 seconds.[0m
notifying browser that file changed:  target/cljsbuild/public/js/out/weather_7/pages/summary.js
[0mCompiling "target/cljsbuild/public/js/app.js" from ["src/cljs" "src/cljc" "env/dev/cljs"]...[0m
[32mSuccessfully compiled "target/cljsbuild/public/js/app.js" in 0.512 seconds.[0m
notifying browser that file changed:  target/cljsbuild/public/js/out/weather_7/pages/summary.js
[0mCompiling "target/cljsbuild/public/js/app.js" from ["src/cljs" "src/cljc" "env/dev/cljs"]...[0m
[32mSuccessfully compiled "target/cljsbuild/public/js/app.js" in 0.613 seconds.[0m
notifying browser that file changed:  target/cljsbuild/public/js/out/weather_7/pages/summary.js
[0mCompiling "target/cljsbuild/public/js/app.js" from ["src/cljs" "src/cljc" "env/dev/cljs"]...[0m
[32mSuccessfully compiled "target/cljsbuild/public/js/app.js" in 0.538 seconds.[0m
notifying browser that file changed:  target/cljsbuild/public/js/out/weather_7/pages/summary.js
[0mCompiling "target/cljsbuild/public/js/app.js" from ["src/cljs" "src/cljc" "env/dev/cljs"]...[0m
[32mSuccessfully compiled "target/cljsbuild/public/js/app.js" in 0.619 seconds.[0m
notifying browser that file changed:  target/cljsbuild/public/js/out/weather_7/pages/summary.js
[0mCompiling "target/cljsbuild/public/js/app.js" from ["src/cljs" "src/cljc" "env/dev/cljs"]...[0m
[32mSuccessfully compiled "target/cljsbuild/public/js/app.js" in 0.482 seconds.[0m
notifying browser that file changed:  target/cljsbuild/public/js/out/weather_7/pages/summary.js
[0mCompiling "target/cljsbuild/public/js/app.js" from ["src/cljs" "src/cljc" "env/dev/cljs"]...[0m
[32mSuccessfully compiled "target/cljsbuild/public/js/app.js" in 0.529 seconds.[0m
notifying browser that file changed:  target/cljsbuild/public/js/out/weather_7/pages/summary.js
[0mCompiling "target/cljsbuild/public/js/app.js" from ["src/cljs" "src/cljc" "env/dev/cljs"]...[0m
[32mSuccessfully compiled "target/cljsbuild/public/js/app.js" in 0.474 seconds.[0m
notifying browser that file changed:  target/cljsbuild/public/js/out/weather_7/pages/summary.js
[0mCompiling "target/cljsbuild/public/js/app.js" from ["src/cljs" "src/cljc" "env/dev/cljs"]...[0m
[32mSuccessfully compiled "target/cljsbuild/public/js/app.js" in 0.482 seconds.[0m
notifying browser that file changed:  target/cljsbuild/public/js/out/weather_7/pages/summary.js
[0mCompiling "target/cljsbuild/public/js/app.js" from ["src/cljs" "src/cljc" "env/dev/cljs"]...[0m
[32mSuccessfully compiled "target/cljsbuild/public/js/app.js" in 0.534 seconds.[0m
notifying browser that file changed:  target/cljsbuild/public/js/out/weather_7/pages/summary.js
[0mCompiling "target/cljsbuild/public/js/app.js" from ["src/cljs" "src/cljc" "env/dev/cljs"]...[0m
[32mSuccessfully compiled "target/cljsbuild/public/js/app.js" in 0.609 seconds.[0m
notifying browser that file changed:  target/cljsbuild/public/js/out/weather_7/pages/summary.js
[0mCompiling "target/cljsbuild/public/js/app.js" from ["src/cljs" "src/cljc" "env/dev/cljs"]...[0m
[32mSuccessfully compiled "target/cljsbuild/public/js/app.js" in 2.203 seconds.[0m
notifying browser that file changed:  target/cljsbuild/public/js/out/weather_7/pages/summary.js
[0mCompiling "target/cljsbuild/public/js/app.js" from ["src/cljs" "src/cljc" "env/dev/cljs"]...[0m
[32mSuccessfully compiled "target/cljsbuild/public/js/app.js" in 1.285 seconds.[0m
notifying browser that file changed:  target/cljsbuild/public/js/out/weather_7/pages/summary.js
[0mCompiling "target/cljsbuild/public/js/app.js" from ["src/cljs" "src/cljc" "env/dev/cljs"]...[0m
[32mSuccessfully compiled "target/cljsbuild/public/js/app.js" in 0.603 seconds.[0m
notifying browser that file changed:  target/cljsbuild/public/js/out/weather_7/pages/summary.js
[0mCompiling "target/cljsbuild/public/js/app.js" from ["src/cljs" "src/cljc" "env/dev/cljs"]...[0m
[32mSuccessfully compiled "target/cljsbuild/public/js/app.js" in 0.547 seconds.[0m
notifying browser that file changed:  target/cljsbuild/public/js/out/weather_7/pages/summary.js
[0mCompiling "target/cljsbuild/public/js/app.js" from ["src/cljs" "src/cljc" "env/dev/cljs"]...[0m
[32mSuccessfully compiled "target/cljsbuild/public/js/app.js" in 0.521 seconds.[0m
notifying browser that file changed:  target/cljsbuild/public/js/out/weather_7/pages/summary.js
[0mCompiling "target/cljsbuild/public/js/app.js" from ["src/cljs" "src/cljc" "env/dev/cljs"]...[0m
[32mSuccessfully compiled "target/cljsbuild/public/js/app.js" in 0.533 seconds.[0m
notifying browser that file changed:  target/cljsbuild/public/js/out/weather_7/pages/summary.js
[0mCompiling "target/cljsbuild/public/js/app.js" from ["src/cljs" "src/cljc" "env/dev/cljs"]...[0m
[32mSuccessfully compiled "target/cljsbuild/public/js/app.js" in 0.558 seconds.[0m
notifying browser that file changed:  target/cljsbuild/public/js/out/weather_7/pages/summary.js
[0mCompiling "target/cljsbuild/public/js/app.js" from ["src/cljs" "src/cljc" "env/dev/cljs"]...[0m
[32mSuccessfully compiled "target/cljsbuild/public/js/app.js" in 0.516 seconds.[0m
notifying browser that file changed:  target/cljsbuild/public/js/out/weather_7/pages/summary.js
[0mCompiling "target/cljsbuild/public/js/app.js" from ["src/cljs" "src/cljc" "env/dev/cljs"]...[0m
[32mSuccessfully compiled "target/cljsbuild/public/js/app.js" in 0.543 seconds.[0m
notifying browser that file changed:  target/cljsbuild/public/js/out/weather_7/pages/summary.js
[0mCompiling "target/cljsbuild/public/js/app.js" from ["src/cljs" "src/cljc" "env/dev/cljs"]...[0m
[32mSuccessfully compiled "target/cljsbuild/public/js/app.js" in 0.538 seconds.[0m
notifying browser that file changed:  target/cljsbuild/public/js/out/weather_7/pages/summary.js
[0mCompiling "target/cljsbuild/public/js/app.js" from ["src/cljs" "src/cljc" "env/dev/cljs"]...[0m
[32mSuccessfully compiled "target/cljsbuild/public/js/app.js" in 0.573 seconds.[0m
notifying browser that file changed:  target/cljsbuild/public/js/out/weather_7/pages/summary.js
[0mCompiling "target/cljsbuild/public/js/app.js" from ["src/cljs" "src/cljc" "env/dev/cljs"]...[0m
[36m----  Compiler Warning on   src/cljs/weather_7/pages/summary.cljs   line:85  column:37  ----[0m

  [1mUse of undeclared Var weather-7.pages.summary/this[0m

  [36m81[0m  [36m(def home-did-mount1 (partial home-did-mount "Paradise Beach"))[0m
  [36m82[0m  [36m[0m
  [36m83[0m  [36m(defn home-did-mount2 [this][0m
  [36m84[0m  [36m  (prn (last @(rf/subscribe [:summary]))))[0m
  [33m85[0m  [1m  (js/Highcharts.Chart. (r/dom-node this) (clj->js (load-data (last @(rf/subscribe [:summary])))))[0m
  [0m  [0m  [33m                                    ^--- Use of undeclared Var weather-7.pages.summary/this[0m
  [36m86[0m  [36m[0m
  [36m87[0m  [36m(defn chart [location][0m
  [36m88[0m  [36m  (let [data (load-data (last @(rf/subscribe [:summary])))][0m
  [36m89[0m  [36m   (prn "location" location)[0m
  [36m90[0m  [36m   (r/create-class {:reagent-render home-render[0m

[36m----  Compiler Warning : Please see src/cljs/weather_7/pages/summary.cljs  ----[0m
[32mSuccessfully compiled "target/cljsbuild/public/js/app.js" in 0.538 seconds.[0m
notifying browser that file changed:  target/cljsbuild/public/js/out/weather_7/pages/summary.js
[0mCompiling "target/cljsbuild/public/js/app.js" from ["src/cljs" "src/cljc" "env/dev/cljs"]...[0m
[32mSuccessfully compiled "target/cljsbuild/public/js/app.js" in 0.525 seconds.[0m
notifying browser that file changed:  target/cljsbuild/public/js/out/weather_7/pages/summary.js
[0mCompiling "target/cljsbuild/public/js/app.js" from ["src/cljs" "src/cljc" "env/dev/cljs"]...[0m
[32mSuccessfully compiled "target/cljsbuild/public/js/app.js" in 0.539 seconds.[0m
notifying browser that file changed:  target/cljsbuild/public/js/out/weather_7/pages/summary.js
[0mCompiling "target/cljsbuild/public/js/app.js" from ["src/cljs" "src/cljc" "env/dev/cljs"]...[0m
[32mSuccessfully compiled "target/cljsbuild/public/js/app.js" in 0.526 seconds.[0m
notifying browser that file changed:  target/cljsbuild/public/js/out/weather_7/pages/summary.js
[0mCompiling "target/cljsbuild/public/js/app.js" from ["src/cljs" "src/cljc" "env/dev/cljs"]...[0m
[32mSuccessfully compiled "target/cljsbuild/public/js/app.js" in 0.521 seconds.[0m
notifying browser that file changed:  target/cljsbuild/public/js/out/weather_7/pages/summary.js
[0mCompiling "target/cljsbuild/public/js/app.js" from ["src/cljs" "src/cljc" "env/dev/cljs"]...[0m
[32mSuccessfully compiled "target/cljsbuild/public/js/app.js" in 0.566 seconds.[0m
notifying browser that file changed:  target/cljsbuild/public/js/out/weather_7/pages/summary.js
[0mCompiling "target/cljsbuild/public/js/app.js" from ["src/cljs" "src/cljc" "env/dev/cljs"]...[0m
[36m----  Compiler Warning on   src/cljs/weather_7/pages/summary.cljs   line:79  column:64  ----[0m

  [1mUse of undeclared Var weather-7.pages.summary/get-data[0m

  [36m75[0m  [36m(defn home-did-mount [location this][0m
  [36m76[0m  [36m  (prn "location1" location)[0m
  [36m77[0m  [36m  ; (prn "this" this)[0m
  [36m78[0m  [36m  ; (prn (get @(rf/subscribe [:summary]) location))[0m
  [33m79[0m  [1m  (js/Highcharts.Chart. (r/dom-node this) (clj->js (load-data (get-data location)))))[0m
  [0m  [0m  [33m                                                               ^--- Use of undeclared Var weather-7.pages.summary/get-data[0m
  [36m80[0m  [36m[0m
  [36m81[0m  [36m(def home-did-mount1 (partial home-did-mount "Paradise Beach"))[0m
  [36m82[0m  [36m[0m
  [36m83[0m  [36m(defn home-did-mount2 [this][0m
  [36m84[0m  [36m  ; (prn (last @(rf/subscribe [:summary])))[0m

[36m----  Compiler Warning : Please see src/cljs/weather_7/pages/summary.cljs  ----[0m
[32mSuccessfully compiled "target/cljsbuild/public/js/app.js" in 0.578 seconds.[0m
notifying browser that file changed:  target/cljsbuild/public/js/out/weather_7/pages/summary.js
[0mCompiling "target/cljsbuild/public/js/app.js" from ["src/cljs" "src/cljc" "env/dev/cljs"]...[0m
[32mSuccessfully compiled "target/cljsbuild/public/js/app.js" in 0.556 seconds.[0m
notifying browser that file changed:  target/cljsbuild/public/js/out/weather_7/pages/summary.js
[0mCompiling "target/cljsbuild/public/js/app.js" from ["src/cljs" "src/cljc" "env/dev/cljs"]...[0m
[32mSuccessfully compiled "target/cljsbuild/public/js/app.js" in 0.521 seconds.[0m
notifying browser that file changed:  target/cljsbuild/public/js/out/weather_7/pages/summary.js
[0mCompiling "target/cljsbuild/public/js/app.js" from ["src/cljs" "src/cljc" "env/dev/cljs"]...[0m
[32mSuccessfully compiled "target/cljsbuild/public/js/app.js" in 0.48 seconds.[0m
notifying browser that file changed:  target/cljsbuild/public/js/out/weather_7/pages/summary.js
[0mCompiling "target/cljsbuild/public/js/app.js" from ["src/cljs" "src/cljc" "env/dev/cljs"]...[0m
[32mSuccessfully compiled "target/cljsbuild/public/js/app.js" in 0.485 seconds.[0m
notifying browser that file changed:  target/cljsbuild/public/js/out/weather_7/pages/summary.js
[0mCompiling "target/cljsbuild/public/js/app.js" from ["src/cljs" "src/cljc" "env/dev/cljs"]...[0m
[32mSuccessfully compiled "target/cljsbuild/public/js/app.js" in 0.544 seconds.[0m
notifying browser that file changed:  target/cljsbuild/public/js/out/weather_7/pages/summary.js
[0mCompiling "target/cljsbuild/public/js/app.js" from ["src/cljs" "src/cljc" "env/dev/cljs"]...[0m
[32mSuccessfully compiled "target/cljsbuild/public/js/app.js" in 0.503 seconds.[0m
notifying browser that file changed:  target/cljsbuild/public/js/out/weather_7/pages/summary.js
[0mCompiling "target/cljsbuild/public/js/app.js" from ["src/cljs" "src/cljc" "env/dev/cljs"]...[0m
[32mSuccessfully compiled "target/cljsbuild/public/js/app.js" in 0.567 seconds.[0m
notifying browser that file changed:  target/cljsbuild/public/js/out/weather_7/pages/summary.js
[0mCompiling "target/cljsbuild/public/js/app.js" from ["src/cljs" "src/cljc" "env/dev/cljs"]...[0m
[32mSuccessfully compiled "target/cljsbuild/public/js/app.js" in 0.633 seconds.[0m
notifying browser that file changed:  target/cljsbuild/public/js/out/weather_7/pages/summary.js
[0mCompiling "target/cljsbuild/public/js/app.js" from ["src/cljs" "src/cljc" "env/dev/cljs"]...[0m
[32mSuccessfully compiled "target/cljsbuild/public/js/app.js" in 0.564 seconds.[0m
notifying browser that file changed:  target/cljsbuild/public/js/out/weather_7/pages/summary.js
[0mCompiling "target/cljsbuild/public/js/app.js" from ["src/cljs" "src/cljc" "env/dev/cljs"]...[0m
[32mSuccessfully compiled "target/cljsbuild/public/js/app.js" in 0.522 seconds.[0m
notifying browser that file changed:  target/cljsbuild/public/js/out/weather_7/pages/summary.js
[0mCompiling "target/cljsbuild/public/js/app.js" from ["src/cljs" "src/cljc" "env/dev/cljs"]...[0m
[32mSuccessfully compiled "target/cljsbuild/public/js/app.js" in 0.555 seconds.[0m
notifying browser that file changed:  target/cljsbuild/public/js/out/weather_7/pages/summary.js
